asim +access +rw  $UVMSIM +UVM_VERBOSITY=UVM_FULL
# ELBREAD: Elaboration process.
# ELBREAD: Warning: Module 'p_switch_if' does not have a `timescale directive, but previous modules do.
# ELBREAD: Warning: Package 'uvm_pkg' does not have a `timescale directive, but previous modules do.
# ELBREAD: Warning: Package 'vw_go2uvm_pkg' does not have a `timescale directive, but previous modules do.
# ELBREAD: Warning: Package 'std' does not have a `timescale directive, but previous modules do.
# ELBREAD: Elaboration time 0.7 [s].
# KERNEL: Main thread initiated.
# KERNEL: Kernel process initialization phase.
# KERNEL: Time resolution set to 1ns.
# ELAB2: Elaboration final pass...
# KERNEL: PLI/VHPI kernel's engine initialization done.
# PLI: Loading library '/home/student/tools/eda/RVRA_2015.02/bin/libsystf.so'
# KERNEL: Info: Loading library:  /home/student/tools/eda/RVRA_2015.02/bin/uvm_1_1d_dpi
# ELAB2: Create instances ...
# ELAB2: Create instances complete.
# SLP: Started
# SLP: Elaboration phase ...
# SLP: Elaboration phase ... done : 0.0 [s]
# SLP: Generation phase ...
# SLP: Generation phase ... done : 0.1 [s]
# SLP: Finished : 0.1 [s]
# SLP: 0 primitives and 1 (33.33%) other processes in SLP
# SLP: 5 (0.02%) signals in SLP and 22 (0.08%) interface signals
# ELAB2: Elaboration final pass complete - time: 1.9 [s].
# KERNEL: SLP loading done - time: 0.0 [s].
# KERNEL: SLP simulation initialization done - time: 0.0 [s].
# KERNEL: Kernel process initialization done.
# Allocation: Simulator allocated 44714 kB (elbread=21735 elab2=20642 kernel=2335 sdf=0)
# KERNEL: ----------------------------------------------------------------
# KERNEL: UVM-1.1  d
# KERNEL: (C) 2007-2013 Mentor Graphics Corporation
# KERNEL: (C) 2007-2013 Cadence Design Systems, Inc.
# KERNEL: (C) 2006-2013 Synopsys, Inc.
# KERNEL: (C) 2011-2013 Cypress Semiconductor Corp.
# KERNEL: ----------------------------------------------------------------
# KERNEL: 
# KERNEL:   ***********       IMPORTANT RELEASE NOTES         ************
# KERNEL: 
# KERNEL:   You are using a version of the UVM library that has been compiled
# KERNEL:   with `UVM_NO_DEPRECATED undefined.
# KERNEL:   See http://www.eda.org/svdb/view.php?id=3313 for more details.
# KERNEL: 
# KERNEL:   You are using a version of the UVM library that has been compiled
# KERNEL:   with `UVM_OBJECT_MUST_HAVE_CONSTRUCTOR undefined.
# KERNEL:   See http://www.eda.org/svdb/view.php?id=3770 for more details.
# KERNEL: 
# KERNEL:       (Specify +UVM_NO_RELNOTES to turn off this notice)
# KERNEL: 
# KERNEL: Assertion failures tracking enabled, report enabled, unlimited, action Continue. Assertion passes tracking enabled, report disabled, unlimited.
# KERNEL: ASDB file was created in location /home/student/shiva/may/Chap_2_corrected_converted/ch2/done/foll/run/dataset.asdb
wave -rec sim:/* 
# KERNEL: Warning: KERNEL_0286 Tracing SystemVerilog chandle is not supported in this release. Please contact Aldec Support to receive the latest status.
# KERNEL: Warning: KERNEL_0286 Tracing SystemVerilog chandle is not supported in this release. Please contact Aldec Support to receive the latest status.
# KERNEL: Warning: KERNEL_0286 Tracing SystemVerilog chandle is not supported in this release. Please contact Aldec Support to receive the latest status.
# VSIM: 488 object(s) traced.
# VSIM: 3 object(s) omitted (unsupported types).
run -all;
# KERNEL: UVM_INFO @ 0.00 ns: Go2UVM [Go2UVM] RELNOTES 
# KERNEL: 
# KERNEL: ----------------------------------------------------------------
# KERNEL: (C) 2004-2016 Verifworks a venture of CVC Pvt Ltd. 
# KERNEL:  VW_Go2UVM Version 1.1d.5 (Verifworks http://www.verifworks.com )
# KERNEL: 
# KERNEL:   ***********       IMPORTANT RELEASE NOTES         ************
# KERNEL: 
# KERNEL:   You are using a version of the Go2UVM Package from VerifWorks 
# KERNEL:   a venture of CVC Pvt Ltd http://www.cvcblr.com
# KERNEL:   See http://www.verifworks.com for more details 
# KERNEL: 
# KERNEL: ----------------------------------------------------------------
# KERNEL: 
# KERNEL: UVM_INFO @ 0.00 ns: reporter [RNTST] Running test ...
# KERNEL: UVM_INFO /home/student/shiva/may/Chap_2_corrected_converted/ch2/done/foll/uvm/p_switch_go2uvm.sv(45) @ 0.00 ns: Go2UVM [Go2UVM] Start of reset
# KERNEL: UVM_INFO /home/student/shiva/may/Chap_2_corrected_converted/ch2/done/foll/uvm/p_switch_go2uvm.sv(51) @ 55.00 ns: Go2UVM [Go2UVM] End of reset
# KERNEL: UVM_INFO @ 55.00 ns: Go2UVM [Go2UVM] Driving stimulus via UVM
# KERNEL: UVM_INFO /home/student/shiva/may/Chap_2_corrected_converted/ch2/done/foll/uvm/p_switch_go2uvm.sv(54) @ 55.00 ns: Go2UVM [Go2UVM] Start of main
# KERNEL: Error: Assume 'mp_switch_prop' thread FAILED at time: 85ns (9 clk), ../dut/foll.sv(29), scope: p_switch_go2uvm.p_switch_0, start-time: 85ns (9 clk)
# KERNEL: Error: Assume 'mp_switch_prop' thread FAILED at time: 125ns (13 clk), ../dut/foll.sv(29), scope: p_switch_go2uvm.p_switch_0, start-time: 105ns (11 clk)
# KERNEL: Error: Assume 'mp_switch_prop' thread FAILED at time: 135ns (14 clk), ../dut/foll.sv(29), scope: p_switch_go2uvm.p_switch_0, start-time: 115ns (12 clk)
# KERNEL: Error: Assume 'mp_switch_prop' thread FAILED at time: 145ns (15 clk), ../dut/foll.sv(29), scope: p_switch_go2uvm.p_switch_0, start-time: 125ns (13 clk)
# KERNEL: Error: Assume 'mp_switch_prop' thread FAILED at time: 155ns (16 clk), ../dut/foll.sv(29), scope: p_switch_go2uvm.p_switch_0, start-time: 135ns (14 clk)
# KERNEL: Error: Assume 'mp_switch_prop' thread FAILED at time: 165ns (17 clk), ../dut/foll.sv(29), scope: p_switch_go2uvm.p_switch_0, start-time: 145ns (15 clk)
# KERNEL: Error: Assume 'mp_switch_prop' thread FAILED at time: 175ns (18 clk), ../dut/foll.sv(29), scope: p_switch_go2uvm.p_switch_0, start-time: 155ns (16 clk)
# KERNEL: Error: Assume 'mp_switch_prop' thread FAILED at time: 185ns (19 clk), ../dut/foll.sv(29), scope: p_switch_go2uvm.p_switch_0, start-time: 165ns (17 clk)
# KERNEL: Error: Assume 'mp_switch_prop' thread FAILED at time: 195ns (20 clk), ../dut/foll.sv(29), scope: p_switch_go2uvm.p_switch_0, start-time: 175ns (18 clk)
# KERNEL: Error: Assume 'mp_switch_prop' thread FAILED at time: 205ns (21 clk), ../dut/foll.sv(29), scope: p_switch_go2uvm.p_switch_0, start-time: 185ns (19 clk)
# KERNEL: Error: Assume 'mp_switch_prop' thread FAILED at time: 205ns (21 clk), ../dut/foll.sv(29), scope: p_switch_go2uvm.p_switch_0, start-time: 95ns (10 clk)
# KERNEL: Error: Assume 'mp_switch_prop' thread FAILED at time: 215ns (22 clk), ../dut/foll.sv(29), scope: p_switch_go2uvm.p_switch_0, start-time: 195ns (20 clk)
# KERNEL: Error: Assume 'mp_switch_prop' thread FAILED at time: 225ns (23 clk), ../dut/foll.sv(29), scope: p_switch_go2uvm.p_switch_0, start-time: 205ns (21 clk)
# KERNEL: Error: Assume 'mp_switch_prop' thread FAILED at time: 235ns (24 clk), ../dut/foll.sv(29), scope: p_switch_go2uvm.p_switch_0, start-time: 215ns (22 clk)
# KERNEL: Error: Assume 'mp_switch_prop' thread FAILED at time: 245ns (25 clk), ../dut/foll.sv(29), scope: p_switch_go2uvm.p_switch_0, start-time: 225ns (23 clk)
# KERNEL: Error: Assume 'mp_switch_prop' thread FAILED at time: 255ns (26 clk), ../dut/foll.sv(29), scope: p_switch_go2uvm.p_switch_0, start-time: 235ns (24 clk)
# KERNEL: Error: Assume 'mp_switch_prop' thread FAILED at time: 265ns (27 clk), ../dut/foll.sv(29), scope: p_switch_go2uvm.p_switch_0, start-time: 245ns (25 clk)
# KERNEL: Error: Assume 'mp_switch_prop' thread FAILED at time: 275ns (28 clk), ../dut/foll.sv(29), scope: p_switch_go2uvm.p_switch_0, start-time: 255ns (26 clk)
# KERNEL: Error: Assume 'mp_switch_prop' thread FAILED at time: 285ns (29 clk), ../dut/foll.sv(29), scope: p_switch_go2uvm.p_switch_0, start-time: 265ns (27 clk)
# KERNEL: Error: Assume 'mp_switch_prop' thread FAILED at time: 295ns (30 clk), ../dut/foll.sv(29), scope: p_switch_go2uvm.p_switch_0, start-time: 275ns (28 clk)
# KERNEL: Error: Assume 'mp_switch_prop' thread FAILED at time: 305ns (31 clk), ../dut/foll.sv(29), scope: p_switch_go2uvm.p_switch_0, start-time: 285ns (29 clk)
# KERNEL: Error: Assume 'mp_switch_prop' thread FAILED at time: 315ns (32 clk), ../dut/foll.sv(29), scope: p_switch_go2uvm.p_switch_0, start-time: 295ns (30 clk)
# KERNEL: Error: Assume 'mp_switch_prop' thread FAILED at time: 325ns (33 clk), ../dut/foll.sv(29), scope: p_switch_go2uvm.p_switch_0, start-time: 305ns (31 clk)
# KERNEL: Error: Assume 'mp_switch_prop' thread FAILED at time: 335ns (34 clk), ../dut/foll.sv(29), scope: p_switch_go2uvm.p_switch_0, start-time: 315ns (32 clk)
# KERNEL: Error: Assume 'mp_switch_prop' thread FAILED at time: 345ns (35 clk), ../dut/foll.sv(29), scope: p_switch_go2uvm.p_switch_0, start-time: 325ns (33 clk)
# KERNEL: Error: Assume 'mp_switch_prop' thread FAILED at time: 355ns (36 clk), ../dut/foll.sv(29), scope: p_switch_go2uvm.p_switch_0, start-time: 335ns (34 clk)
# KERNEL: Error: Assume 'mp_switch_prop' thread FAILED at time: 365ns (37 clk), ../dut/foll.sv(29), scope: p_switch_go2uvm.p_switch_0, start-time: 345ns (35 clk)
# KERNEL: Error: Assume 'mp_switch_prop' thread FAILED at time: 375ns (38 clk), ../dut/foll.sv(29), scope: p_switch_go2uvm.p_switch_0, start-time: 355ns (36 clk)
# KERNEL: Error: Assume 'mp_switch_prop' thread FAILED at time: 385ns (39 clk), ../dut/foll.sv(29), scope: p_switch_go2uvm.p_switch_0, start-time: 365ns (37 clk)
# KERNEL: Error: Assume 'mp_switch_prop' thread FAILED at time: 395ns (40 clk), ../dut/foll.sv(29), scope: p_switch_go2uvm.p_switch_0, start-time: 375ns (38 clk)
# RUNTIME: Info: RUNTIME_0068 p_switch_go2uvm.sv (76): $finish called.
# KERNEL: Time: 405 ns,  Iteration: 0,  Instance: /\package uvm.uvm_pkg\/uvm_task_phase,  Process: @INTERNAL#137_0@.
# KERNEL: stopped at time: 405 ns
# VSIM: Simulation has finished. There are no more test vectors to simulate.
quit
