asim +access +rw  $UVMSIM +UVM_VERBOSITY=UVM_FULL
# ELBREAD: Elaboration process.
# ELBREAD: Warning: Module 'types_static_if' does not have a `timescale directive, but previous modules do.
# ELBREAD: Warning: Module 'types_static' does not have a `timescale directive, but previous modules do.
# ELBREAD: Warning: Package 'uvm_pkg' does not have a `timescale directive, but previous modules do.
# ELBREAD: Warning: Package 'vw_go2uvm_pkg' does not have a `timescale directive, but previous modules do.
# ELBREAD: Warning: Package 'std' does not have a `timescale directive, but previous modules do.
# ELBREAD: Elaboration time 1.0 [s].
# KERNEL: Main thread initiated.
# KERNEL: Kernel process initialization phase.
# KERNEL: Time resolution set to 1ns.
# ELAB2: Elaboration final pass...
# KERNEL: PLI/VHPI kernel's engine initialization done.
# PLI: Loading library '/home/student/tools/eda/RVRA_2015.02/bin/libsystf.so'
# KERNEL: Info: Loading library:  /home/student/tools/eda/RVRA_2015.02/bin/uvm_1_1d_dpi
# ELAB2: Create instances ...
# ELAB2: Create instances complete.
# SLP: Started
# SLP: Elaboration phase ...
# SLP: Elaboration phase ... done : 0.0 [s]
# SLP: Generation phase ...
# SLP: Generation phase ... done : 0.1 [s]
# SLP: Finished : 0.1 [s]
# SLP: 0 primitives and 1 (20.00%) other processes in SLP
# SLP: 0 signals in SLP and 7 (0.03%) interface signals
# ELAB2: Elaboration final pass complete - time: 2.8 [s].
# KERNEL: SLP loading done - time: 0.0 [s].
# KERNEL: SLP simulation initialization done - time: 0.0 [s].
# KERNEL: Kernel process initialization done.
# Allocation: Simulator allocated 45806 kB (elbread=21736 elab2=21727 kernel=2342 sdf=0)
# KERNEL: ----------------------------------------------------------------
# KERNEL: UVM-1.1  d
# KERNEL: (C) 2007-2013 Mentor Graphics Corporation
# KERNEL: (C) 2007-2013 Cadence Design Systems, Inc.
# KERNEL: (C) 2006-2013 Synopsys, Inc.
# KERNEL: (C) 2011-2013 Cypress Semiconductor Corp.
# KERNEL: ----------------------------------------------------------------
# KERNEL: 
# KERNEL:   ***********       IMPORTANT RELEASE NOTES         ************
# KERNEL: 
# KERNEL:   You are using a version of the UVM library that has been compiled
# KERNEL:   with `UVM_NO_DEPRECATED undefined.
# KERNEL:   See http://www.eda.org/svdb/view.php?id=3313 for more details.
# KERNEL: 
# KERNEL:   You are using a version of the UVM library that has been compiled
# KERNEL:   with `UVM_OBJECT_MUST_HAVE_CONSTRUCTOR undefined.
# KERNEL:   See http://www.eda.org/svdb/view.php?id=3770 for more details.
# KERNEL: 
# KERNEL:       (Specify +UVM_NO_RELNOTES to turn off this notice)
# KERNEL: 
# KERNEL: Assertion failures tracking enabled, report enabled, unlimited, action Continue. Assertion passes tracking enabled, report disabled, unlimited.
# KERNEL: ASDB file was created in location /home/student/arlin/Chap_2_corrected/Chap_2_corrected_converted/ch2/done/types_static_ok/run/dataset.asdb
wave -rec sim:/* 
# KERNEL: Warning: KERNEL_0286 Tracing SystemVerilog chandle is not supported in this release. Please contact Aldec Support to receive the latest status.
# KERNEL: Warning: KERNEL_0286 Tracing SystemVerilog chandle is not supported in this release. Please contact Aldec Support to receive the latest status.
# KERNEL: Warning: KERNEL_0286 Tracing SystemVerilog chandle is not supported in this release. Please contact Aldec Support to receive the latest status.
# VSIM: 485 object(s) traced.
# VSIM: 3 object(s) omitted (unsupported types).
run -all;
# KERNEL: UVM_INFO @ 0.00 ns: Go2UVM [Go2UVM] RELNOTES 
# KERNEL: 
# KERNEL: ----------------------------------------------------------------
# KERNEL: (C) 2004-2016 Verifworks a venture of CVC Pvt Ltd. 
# KERNEL:  VW_Go2UVM Version 1.1d.5 (Verifworks http://www.verifworks.com )
# KERNEL: 
# KERNEL:   ***********       IMPORTANT RELEASE NOTES         ************
# KERNEL: 
# KERNEL:   You are using a version of the Go2UVM Package from VerifWorks 
# KERNEL:   a venture of CVC Pvt Ltd http://www.cvcblr.com
# KERNEL:   See http://www.verifworks.com for more details 
# KERNEL: 
# KERNEL: ----------------------------------------------------------------
# KERNEL: 
# KERNEL: UVM_INFO @ 0.00 ns: reporter [RNTST] Running test ...
# KERNEL: UVM_INFO /home/student/arlin/Chap_2_corrected/Chap_2_corrected_converted/ch2/done/types_static_ok/uvm/types_static_go2uvm.sv(36) @ 0.00 ns: Go2UVM [Go2UVM] Start of reset
# KERNEL: UVM_INFO /home/student/arlin/Chap_2_corrected/Chap_2_corrected_converted/ch2/done/types_static_ok/uvm/types_static_go2uvm.sv(37) @ 0.00 ns: Go2UVM [Go2UVM] Fill in your reset logic here 
# KERNEL: Error: Assertion 'ap_master' FAILED at time: 5ns (1 clk), ../dut/types_static_ok.sv(29), scope: types_static_go2uvm.types_static_0, start-time: 5ns (1 clk)
# KERNEL: Error: Assertion 'ap_C' FAILED at time: 5ns (1 clk), ../dut/types_static_ok.sv(30), scope: types_static_go2uvm.types_static_0, start-time: 5ns (1 clk)
# KERNEL: Error: Assertion 'ap_master' FAILED at time: 15ns (2 clk), ../dut/types_static_ok.sv(29), scope: types_static_go2uvm.types_static_0, start-time: 15ns (2 clk)
# KERNEL: Error: Assertion 'ap_C' FAILED at time: 15ns (2 clk), ../dut/types_static_ok.sv(30), scope: types_static_go2uvm.types_static_0, start-time: 15ns (2 clk)
# KERNEL: Error: Assertion 'ap_master' FAILED at time: 25ns (3 clk), ../dut/types_static_ok.sv(29), scope: types_static_go2uvm.types_static_0, start-time: 25ns (3 clk)
# KERNEL: Error: Assertion 'ap_C' FAILED at time: 25ns (3 clk), ../dut/types_static_ok.sv(30), scope: types_static_go2uvm.types_static_0, start-time: 25ns (3 clk)
# KERNEL: Error: Assertion 'ap_master' FAILED at time: 35ns (4 clk), ../dut/types_static_ok.sv(29), scope: types_static_go2uvm.types_static_0, start-time: 35ns (4 clk)
# KERNEL: Error: Assertion 'ap_C' FAILED at time: 35ns (4 clk), ../dut/types_static_ok.sv(30), scope: types_static_go2uvm.types_static_0, start-time: 35ns (4 clk)
# KERNEL: Error: Assertion 'ap_master' FAILED at time: 45ns (5 clk), ../dut/types_static_ok.sv(29), scope: types_static_go2uvm.types_static_0, start-time: 45ns (5 clk)
# KERNEL: Error: Assertion 'ap_C' FAILED at time: 45ns (5 clk), ../dut/types_static_ok.sv(30), scope: types_static_go2uvm.types_static_0, start-time: 45ns (5 clk)
# KERNEL: UVM_INFO /home/student/arlin/Chap_2_corrected/Chap_2_corrected_converted/ch2/done/types_static_ok/uvm/types_static_go2uvm.sv(42) @ 55.00 ns: Go2UVM [Go2UVM] End of reset
# KERNEL: UVM_INFO @ 55.00 ns: Go2UVM [Go2UVM] Driving stimulus via UVM
# KERNEL: UVM_INFO /home/student/arlin/Chap_2_corrected/Chap_2_corrected_converted/ch2/done/types_static_ok/uvm/types_static_go2uvm.sv(45) @ 55.00 ns: Go2UVM [Go2UVM] Start of main
# KERNEL: UVM_INFO /home/student/arlin/Chap_2_corrected/Chap_2_corrected_converted/ch2/done/types_static_ok/uvm/types_static_go2uvm.sv(46) @ 55.00 ns: Go2UVM [Go2UVM] Fill in your main logic here 
# KERNEL: UVM_INFO /home/student/arlin/Chap_2_corrected/Chap_2_corrected_converted/ch2/done/types_static_ok/uvm/types_static_go2uvm.sv(50) @ 55.00 ns: Go2UVM [Go2UVM] End of main
# KERNEL: UVM_INFO @ 55.00 ns: Go2UVM [Go2UVM] End of stimulus
# KERNEL: UVM_INFO @ 55.00 ns: Go2UVM [Go2UVM] Congratulations! Test PASSED! Review your log file: vw_go2uvm_run.log
# KERNEL: UVM_INFO @ 55.00 ns: Go2UVM [Go2UVM] Thanks for using VerifWorks's Go2UVM Package, provide your feedback at http://www.verifworks.com
# KERNEL: 
# KERNEL: --- UVM Report Summary ---
# KERNEL: 
# KERNEL: ** Report counts by severity
# KERNEL: UVM_INFO :   12
# KERNEL: UVM_WARNING :    0
# KERNEL: UVM_ERROR :    0
# KERNEL: UVM_FATAL :    0
# KERNEL: ** Report counts by id
# KERNEL: [Go2UVM]    11
# KERNEL: [RNTST]     1
# RUNTIME: Info: RUNTIME_0068 uvm_root.svh (433): $finish called.
# KERNEL: Time: 55 ns,  Iteration: 97,  Instance: /types_static_go2uvm,  Process: @INITIAL#go2uvm_test@.
# KERNEL: stopped at time: 55 ns
# VSIM: Simulation has finished. There are no more test vectors to simulate.
quit
